#! /c/iverilog/bin/vvp
:ivl_version "0.9.7 " "(v0_9_7)";
:vpi_time_precision + 0;
:vpi_module "system";
:vpi_module "v2005_math";
:vpi_module "va_math";
S_00F48800 .scope module, "decoder5to32" "decoder5to32" 2 2;
 .timescale 0 0;
v00D83F70_0 .net "enable", 0 0, C4<z>; 0 drivers
v00F45348_0 .var "out_add", 31 0;
v00F433D8_0 .net "select", 4 0, C4<zzzzz>; 0 drivers
E_00F4D978 .event edge, v00D83F70_0, v00F433D8_0;
    .scope S_00F48800;
T_0 ;
    %wait E_00F4D978;
    %load/v 8, v00D83F70_0, 1;
    %jmp/0xz  T_0.0, 8;
    %load/v 8, v00F433D8_0, 5;
    %cmpi/u 8, 0, 5;
    %jmp/1 T_0.2, 6;
    %cmpi/u 8, 1, 5;
    %jmp/1 T_0.3, 6;
    %cmpi/u 8, 2, 5;
    %jmp/1 T_0.4, 6;
    %cmpi/u 8, 3, 5;
    %jmp/1 T_0.5, 6;
    %cmpi/u 8, 4, 5;
    %jmp/1 T_0.6, 6;
    %cmpi/u 8, 5, 5;
    %jmp/1 T_0.7, 6;
    %cmpi/u 8, 6, 5;
    %jmp/1 T_0.8, 6;
    %cmpi/u 8, 7, 5;
    %jmp/1 T_0.9, 6;
    %cmpi/u 8, 8, 5;
    %jmp/1 T_0.10, 6;
    %cmpi/u 8, 9, 5;
    %jmp/1 T_0.11, 6;
    %cmpi/u 8, 10, 5;
    %jmp/1 T_0.12, 6;
    %cmpi/u 8, 11, 5;
    %jmp/1 T_0.13, 6;
    %cmpi/u 8, 12, 5;
    %jmp/1 T_0.14, 6;
    %cmpi/u 8, 13, 5;
    %jmp/1 T_0.15, 6;
    %cmpi/u 8, 14, 5;
    %jmp/1 T_0.16, 6;
    %cmpi/u 8, 15, 5;
    %jmp/1 T_0.17, 6;
    %cmpi/u 8, 16, 5;
    %jmp/1 T_0.18, 6;
    %cmpi/u 8, 17, 5;
    %jmp/1 T_0.19, 6;
    %cmpi/u 8, 18, 5;
    %jmp/1 T_0.20, 6;
    %cmpi/u 8, 19, 5;
    %jmp/1 T_0.21, 6;
    %cmpi/u 8, 20, 5;
    %jmp/1 T_0.22, 6;
    %cmpi/u 8, 21, 5;
    %jmp/1 T_0.23, 6;
    %cmpi/u 8, 22, 5;
    %jmp/1 T_0.24, 6;
    %cmpi/u 8, 23, 5;
    %jmp/1 T_0.25, 6;
    %cmpi/u 8, 24, 5;
    %jmp/1 T_0.26, 6;
    %cmpi/u 8, 25, 5;
    %jmp/1 T_0.27, 6;
    %cmpi/u 8, 26, 5;
    %jmp/1 T_0.28, 6;
    %cmpi/u 8, 27, 5;
    %jmp/1 T_0.29, 6;
    %cmpi/u 8, 28, 5;
    %jmp/1 T_0.30, 6;
    %cmpi/u 8, 29, 5;
    %jmp/1 T_0.31, 6;
    %cmpi/u 8, 30, 5;
    %jmp/1 T_0.32, 6;
    %cmpi/u 8, 31, 5;
    %jmp/1 T_0.33, 6;
    %jmp T_0.34;
T_0.2 ;
    %movi 8, 1, 32;
    %set/v v00F45348_0, 8, 32;
    %jmp T_0.34;
T_0.3 ;
    %movi 8, 2, 32;
    %set/v v00F45348_0, 8, 32;
    %jmp T_0.34;
T_0.4 ;
    %movi 8, 4, 32;
    %set/v v00F45348_0, 8, 32;
    %jmp T_0.34;
T_0.5 ;
    %movi 8, 8, 32;
    %set/v v00F45348_0, 8, 32;
    %jmp T_0.34;
T_0.6 ;
    %movi 8, 16, 32;
    %set/v v00F45348_0, 8, 32;
    %jmp T_0.34;
T_0.7 ;
    %movi 8, 32, 32;
    %set/v v00F45348_0, 8, 32;
    %jmp T_0.34;
T_0.8 ;
    %movi 8, 64, 32;
    %set/v v00F45348_0, 8, 32;
    %jmp T_0.34;
T_0.9 ;
    %movi 8, 128, 32;
    %set/v v00F45348_0, 8, 32;
    %jmp T_0.34;
T_0.10 ;
    %movi 8, 256, 32;
    %set/v v00F45348_0, 8, 32;
    %jmp T_0.34;
T_0.11 ;
    %movi 8, 512, 32;
    %set/v v00F45348_0, 8, 32;
    %jmp T_0.34;
T_0.12 ;
    %movi 8, 1024, 32;
    %set/v v00F45348_0, 8, 32;
    %jmp T_0.34;
T_0.13 ;
    %movi 8, 2048, 32;
    %set/v v00F45348_0, 8, 32;
    %jmp T_0.34;
T_0.14 ;
    %movi 8, 4096, 32;
    %set/v v00F45348_0, 8, 32;
    %jmp T_0.34;
T_0.15 ;
    %movi 8, 8192, 32;
    %set/v v00F45348_0, 8, 32;
    %jmp T_0.34;
T_0.16 ;
    %movi 8, 16384, 32;
    %set/v v00F45348_0, 8, 32;
    %jmp T_0.34;
T_0.17 ;
    %movi 8, 32768, 32;
    %set/v v00F45348_0, 8, 32;
    %jmp T_0.34;
T_0.18 ;
    %movi 8, 65536, 32;
    %set/v v00F45348_0, 8, 32;
    %jmp T_0.34;
T_0.19 ;
    %movi 8, 131072, 32;
    %set/v v00F45348_0, 8, 32;
    %jmp T_0.34;
T_0.20 ;
    %movi 8, 262144, 32;
    %set/v v00F45348_0, 8, 32;
    %jmp T_0.34;
T_0.21 ;
    %movi 8, 524288, 32;
    %set/v v00F45348_0, 8, 32;
    %jmp T_0.34;
T_0.22 ;
    %movi 8, 1048576, 32;
    %set/v v00F45348_0, 8, 32;
    %jmp T_0.34;
T_0.23 ;
    %movi 8, 2097152, 32;
    %set/v v00F45348_0, 8, 32;
    %jmp T_0.34;
T_0.24 ;
    %movi 8, 4194304, 32;
    %set/v v00F45348_0, 8, 32;
    %jmp T_0.34;
T_0.25 ;
    %movi 8, 8388608, 32;
    %set/v v00F45348_0, 8, 32;
    %jmp T_0.34;
T_0.26 ;
    %movi 8, 16777216, 32;
    %set/v v00F45348_0, 8, 32;
    %jmp T_0.34;
T_0.27 ;
    %movi 8, 33554432, 32;
    %set/v v00F45348_0, 8, 32;
    %jmp T_0.34;
T_0.28 ;
    %movi 8, 67108864, 32;
    %set/v v00F45348_0, 8, 32;
    %jmp T_0.34;
T_0.29 ;
    %movi 8, 134217728, 32;
    %set/v v00F45348_0, 8, 32;
    %jmp T_0.34;
T_0.30 ;
    %movi 8, 268435456, 32;
    %set/v v00F45348_0, 8, 32;
    %jmp T_0.34;
T_0.31 ;
    %movi 8, 536870912, 32;
    %set/v v00F45348_0, 8, 32;
    %jmp T_0.34;
T_0.32 ;
    %movi 8, 1073741824, 32;
    %set/v v00F45348_0, 8, 32;
    %jmp T_0.34;
T_0.33 ;
    %movi 8, 2147483648, 32;
    %set/v v00F45348_0, 8, 32;
    %jmp T_0.34;
T_0.34 ;
    %jmp T_0.1;
T_0.0 ;
    %set/v v00F45348_0, 0, 32;
T_0.1 ;
    %jmp T_0;
    .thread T_0, $push;
# The file index is used to find the file name in the following table.
:file_names 3;
    "N/A";
    "<interactive>";
    "decoder5to32.v";
